<?xml version="1.0" encoding="UTF-8"?>
<!-- Generated by org.testng.reporters.JUnitReportReporter -->
<testsuite hostname="DESKTOP-GVIRPN1" failures="0" tests="1" name="literature_Fiction.Follow_Us_LinkTest" time="54.054" errors="0" timestamp="01 Jun 2024 06:59:37 GMT" skipped="0">
  <testcase classname="literature_Fiction.Follow_Us_LinkTest" name="checkEachLink" time="54.054"/>
</testsuite> <!-- literature_Fiction.Follow_Us_LinkTest -->
