<?xml version="1.0" encoding="UTF-8"?>
<!-- Generated by org.testng.reporters.JUnitReportReporter -->
<testsuite hostname="DESKTOP-GVIRPN1" failures="0" tests="1" name="literature_Fiction.Buy_book_From_Popular_autherTest" time="6.162" errors="0" timestamp="01 Jun 2024 09:09:14 GMT" skipped="0">
  <testcase classname="literature_Fiction.Buy_book_From_Popular_autherTest" name="popularAuthorBookTest" time="6.162"/>
</testsuite> <!-- literature_Fiction.Buy_book_From_Popular_autherTest -->
