<?xml version="1.0" encoding="UTF-8"?>
<!-- Generated by org.testng.reporters.JUnitReportReporter -->
<testsuite hostname="DESKTOP-GVIRPN1" failures="0" tests="1" name="literature_Fiction.Raise_QueryTest" time="7.854" errors="0" timestamp="31 May 2024 12:42:04 GMT" skipped="0">
  <testcase classname="literature_Fiction.Raise_QueryTest" name="raiseQueryTest" time="7.854"/>
</testsuite> <!-- literature_Fiction.Raise_QueryTest -->
