<?xml version="1.0" encoding="UTF-8"?>
<!-- Generated by org.testng.reporters.JUnitReportReporter -->
<testsuite hostname="DESKTOP-GVIRPN1" failures="0" tests="1" name="literature_Fiction.Buy_Product_Test" time="2.198" errors="0" timestamp="31 May 2024 10:28:49 GMT" skipped="0">
  <testcase classname="literature_Fiction.Buy_Product_Test" name="searchandBuy" time="2.198"/>
</testsuite> <!-- literature_Fiction.Buy_Product_Test -->
